TN:
SF:src/formatDate.ts
FN:3,isValidFormat
FN:4,(anonymous_1)
FN:9,formatDate
FN:12,(anonymous_3)
FN:20,getWeekNumber
FN:44,(anonymous_5)
FNF:6
FNH:6
FNDA:119,isValidFormat
FNDA:165,(anonymous_1)
FNDA:15,formatDate
FNDA:105,(anonymous_3)
FNDA:30,getWeekNumber
FNDA:45,(anonymous_5)
DA:1,1
DA:3,1
DA:4,119
DA:5,165
DA:9,1
DA:10,15
DA:12,105
DA:14,15
DA:16,15
DA:21,30
DA:22,30
DA:23,30
DA:24,30
DA:25,30
DA:26,30
DA:29,15
DA:44,45
LF:17
LH:17
BRDA:5,0,0,165
BRDA:5,0,1,165
BRDA:12,1,0,90
BRDA:22,2,0,30
BRDA:22,2,1,18
BRF:5
BRH:5
end_of_record
TN:
SF:src/groupByDate.ts
FN:5,getWeekStartDate
FN:18,generateDateIntervals
FN:104,groupByDate
FN:125,(anonymous_3)
FN:132,(anonymous_4)
FN:156,(anonymous_5)
FN:159,(anonymous_6)
FN:167,(anonymous_7)
FN:217,(anonymous_8)
FN:222,(anonymous_9)
FN:231,(anonymous_10)
FN:233,(anonymous_11)
FN:234,(anonymous_12)
FN:242,(anonymous_13)
FN:245,(anonymous_14)
FN:257,(anonymous_15)
FN:266,(anonymous_16)
FN:276,parseFormattedDate
FN:280,(anonymous_18)
FN:319,(anonymous_19)
FN:325,(anonymous_20)
FN:326,(anonymous_21)
FN:333,(anonymous_22)
FN:337,(anonymous_23)
FN:339,(anonymous_24)
FNF:25
FNH:24
FNDA:10,getWeekStartDate
FNDA:4,generateDateIntervals
FNDA:13,groupByDate
FNDA:10,(anonymous_3)
FNDA:58,(anonymous_4)
FNDA:17,(anonymous_5)
FNDA:34,(anonymous_6)
FNDA:58,(anonymous_7)
FNDA:61,(anonymous_8)
FNDA:113,(anonymous_9)
FNDA:48,(anonymous_10)
FNDA:95,(anonymous_11)
FNDA:113,(anonymous_12)
FNDA:73,(anonymous_13)
FNDA:10,(anonymous_14)
FNDA:0,(anonymous_15)
FNDA:30,(anonymous_16)
FNDA:16,parseFormattedDate
FNDA:144,(anonymous_18)
FNDA:35,(anonymous_19)
FNDA:82,(anonymous_20)
FNDA:55,(anonymous_21)
FNDA:8,(anonymous_22)
FNDA:18,(anonymous_23)
FNDA:36,(anonymous_24)
DA:2,1
DA:3,1
DA:7,10
DA:9,10
DA:11,10
DA:13,10
DA:15,10
DA:16,10
DA:23,4
DA:24,4
DA:26,4
DA:27,17
DA:30,17
DA:31,5
DA:33,12
DA:34,12
DA:35,12
DA:37,12
DA:39,0
DA:40,0
DA:42,0
DA:43,0
DA:45,0
DA:46,0
DA:48,0
DA:49,0
DA:51,7
DA:52,7
DA:54,5
DA:55,5
DA:56,0
DA:58,5
DA:60,5
DA:62,0
DA:63,0
DA:65,0
DA:66,0
DA:68,0
DA:72,17
DA:73,17
DA:74,0
DA:76,17
DA:77,0
DA:79,17
DA:80,0
DA:82,17
DA:83,0
DA:85,17
DA:86,7
DA:88,10
DA:89,10
DA:91,0
DA:92,0
DA:94,0
DA:95,0
DA:97,0
DA:101,4
DA:104,1
DA:113,13
DA:115,13
DA:118,13
DA:119,13
DA:120,13
DA:121,13
DA:122,13
DA:124,13
DA:125,2
DA:126,10
DA:127,10
DA:128,10
DA:132,13
DA:133,58
DA:134,58
DA:135,58
DA:137,57
DA:138,57
DA:142,13
DA:143,13
DA:145,13
DA:146,0
DA:150,13
DA:155,13
DA:156,4
DA:157,17
DA:158,17
DA:159,17
DA:160,34
DA:167,13
DA:168,58
DA:169,58
DA:170,58
DA:173,57
DA:174,10
DA:176,47
DA:177,47
DA:178,47
DA:180,47
DA:182,0
DA:183,0
DA:185,0
DA:186,0
DA:188,0
DA:189,0
DA:191,5
DA:192,5
DA:194,27
DA:195,27
DA:197,5
DA:198,5
DA:199,0
DA:201,5
DA:203,5
DA:205,10
DA:206,10
DA:208,0
DA:209,0
DA:211,0
DA:215,57
DA:216,31
DA:217,31
DA:218,61
DA:222,57
DA:223,113
DA:224,113
DA:225,113
DA:231,13
DA:232,48
DA:233,48
DA:234,113
DA:235,95
DA:236,14
DA:237,14
DA:240,81
DA:242,73
DA:243,53
DA:245,10
DA:246,4
DA:248,8
DA:249,8
DA:251,8
DA:252,8
DA:254,8
DA:255,8
DA:257,0
DA:260,48
DA:264,13
DA:266,30
DA:277,16
DA:280,16
DA:281,144
DA:282,144
DA:286,16
DA:287,16
DA:288,16
DA:289,16
DA:290,16
DA:291,16
DA:292,16
DA:293,16
DA:294,16
DA:297,16
DA:300,16
DA:301,0
DA:302,16
DA:303,0
DA:304,16
DA:305,16
DA:309,16
DA:310,16
DA:311,16
DA:312,16
DA:313,16
DA:315,16
DA:319,13
DA:320,35
DA:321,8
DA:322,8
DA:323,8
DA:325,82
DA:326,55
DA:327,27
DA:331,13
DA:332,4
DA:333,4
DA:334,8
DA:337,4
DA:338,18
DA:339,18
DA:340,36
DA:341,22
DA:342,22
DA:344,14
DA:351,18
DA:355,13
LF:194
LH:157
BRDA:30,0,0,5
BRDA:30,0,1,12
BRDA:30,1,0,17
BRDA:30,1,1,17
BRDA:37,2,0,0
BRDA:37,2,1,0
BRDA:37,2,2,0
BRDA:37,2,3,0
BRDA:37,2,4,7
BRDA:37,2,5,5
BRDA:37,2,6,0
BRDA:37,2,7,0
BRDA:37,2,8,0
BRDA:55,3,0,0
BRDA:55,3,1,5
BRDA:55,4,0,5
BRDA:55,4,1,5
BRDA:73,5,0,0
BRDA:73,5,1,17
BRDA:73,6,0,17
BRDA:73,6,1,17
BRDA:76,7,0,0
BRDA:76,7,1,17
BRDA:76,8,0,17
BRDA:76,8,1,17
BRDA:79,9,0,0
BRDA:79,9,1,17
BRDA:79,10,0,17
BRDA:79,10,1,17
BRDA:82,11,0,0
BRDA:82,11,1,17
BRDA:82,12,0,17
BRDA:82,12,1,17
BRDA:85,13,0,7
BRDA:85,13,1,10
BRDA:85,14,0,17
BRDA:85,14,1,17
BRDA:88,15,0,10
BRDA:88,15,1,0
BRDA:88,16,0,10
BRDA:88,16,1,5
BRDA:91,17,0,0
BRDA:91,17,1,0
BRDA:91,18,0,0
BRDA:91,18,1,0
BRDA:94,19,0,0
BRDA:94,19,1,0
BRDA:94,20,0,0
BRDA:94,20,1,0
BRDA:108,21,0,3
BRDA:109,22,0,0
BRDA:124,23,0,2
BRDA:124,23,1,11
BRDA:124,24,0,13
BRDA:124,24,1,11
BRDA:127,25,0,10
BRDA:127,25,1,0
BRDA:127,26,0,10
BRDA:127,26,1,0
BRDA:128,27,0,10
BRDA:128,27,1,10
BRDA:128,27,2,10
BRDA:128,27,3,10
BRDA:128,27,4,10
BRDA:134,28,0,58
BRDA:134,28,1,0
BRDA:134,29,0,58
BRDA:134,29,1,0
BRDA:135,30,0,1
BRDA:135,30,1,57
BRDA:135,31,0,58
BRDA:135,31,1,58
BRDA:137,32,0,13
BRDA:137,32,1,44
BRDA:137,33,0,57
BRDA:137,33,1,44
BRDA:138,34,0,57
BRDA:138,34,1,0
BRDA:138,35,0,57
BRDA:138,35,1,44
BRDA:142,36,0,2
BRDA:142,36,1,11
BRDA:143,37,0,2
BRDA:143,37,1,11
BRDA:145,38,0,0
BRDA:145,38,1,13
BRDA:145,39,0,13
BRDA:145,39,1,13
BRDA:150,40,0,4
BRDA:150,40,1,9
BRDA:155,41,0,4
BRDA:155,41,1,9
BRDA:157,42,0,17
BRDA:157,42,1,0
BRDA:169,43,0,58
BRDA:169,43,1,0
BRDA:169,44,0,58
BRDA:169,44,1,0
BRDA:170,45,0,1
BRDA:170,45,1,57
BRDA:170,46,0,58
BRDA:170,46,1,58
BRDA:173,47,0,10
BRDA:173,47,1,47
BRDA:173,48,0,57
BRDA:173,48,1,57
BRDA:180,49,0,0
BRDA:180,49,1,0
BRDA:180,49,2,0
BRDA:180,49,3,5
BRDA:180,49,4,27
BRDA:180,49,5,5
BRDA:180,49,6,10
BRDA:180,49,7,0
BRDA:180,49,8,0
BRDA:198,50,0,0
BRDA:198,50,1,5
BRDA:198,51,0,5
BRDA:198,51,1,5
BRDA:215,52,0,31
BRDA:215,52,1,26
BRDA:224,53,0,113
BRDA:224,53,1,0
BRDA:224,54,0,113
BRDA:224,54,1,113
BRDA:235,55,0,14
BRDA:235,55,1,81
BRDA:240,56,0,53
BRDA:240,56,1,4
BRDA:240,56,2,8
BRDA:240,56,3,8
BRDA:240,56,4,8
BRDA:240,56,5,0
BRDA:264,57,0,4
BRDA:264,57,1,9
BRDA:268,58,0,5
BRDA:268,58,1,25
BRDA:268,59,0,25
BRDA:268,59,1,0
BRDA:269,60,0,0
BRDA:269,60,1,25
BRDA:271,61,0,4
BRDA:271,61,1,21
BRDA:282,62,0,38
BRDA:282,62,1,106
BRDA:297,63,0,16
BRDA:297,63,1,0
BRDA:300,64,0,0
BRDA:300,64,1,16
BRDA:302,65,0,0
BRDA:302,65,1,16
BRDA:304,66,0,16
BRDA:304,66,1,0
BRDA:309,67,0,6
BRDA:309,67,1,10
BRDA:310,68,0,0
BRDA:310,68,1,16
BRDA:311,69,0,0
BRDA:311,69,1,16
BRDA:312,70,0,0
BRDA:312,70,1,16
BRDA:313,71,0,0
BRDA:313,71,1,16
BRDA:320,72,0,8
BRDA:320,72,1,27
BRDA:327,73,0,27
BRDA:327,73,1,4
BRDA:327,74,0,27
BRDA:327,74,1,4
BRDA:331,75,0,4
BRDA:331,75,1,9
BRDA:340,76,0,22
BRDA:340,76,1,14
BRDA:344,77,0,10
BRDA:344,77,1,4
BRDA:346,78,0,4
BRDA:346,78,1,0
BRF:177
BRH:127
end_of_record
